This file contains any messages produced by compilers while
running configure, to aid debugging if configure makes a mistake.

It was created by libcsv configure 3.0.3, which was
generated by GNU Autoconf 2.69.  Invocation command line was

  $ ./configure --no-create --no-recursion

## --------- ##
## Platform. ##
## --------- ##

hostname = arch
uname -m = x86_64
uname -r = 4.8.11-1-ARCH
uname -s = Linux
uname -v = #1 SMP PREEMPT Sun Nov 27 09:26:14 CET 2016

/usr/bin/uname -p = unknown
/bin/uname -X     = unknown

/bin/arch              = unknown
/usr/bin/arch -k       = unknown
/usr/convex/getsysinfo = unknown
/usr/bin/hostinfo      = unknown
/bin/machine           = unknown
/usr/bin/oslevel       = unknown
/bin/universe          = unknown

PATH: /home/jason/.nvm/versions/node/v6.2.2/bin
PATH: /usr/local/sbin
PATH: /usr/local/bin
PATH: /usr/bin
PATH: /opt/android-sdk/tools
PATH: /usr/lib/jvm/default/bin
PATH: /usr/bin/site_perl
PATH: /usr/bin/vendor_perl
PATH: /usr/bin/core_perl
PATH: /home/jason/bin
PATH: /home/jason/bin


## ----------- ##
## Core tests. ##
## ----------- ##

configure:2285: checking for a BSD-compatible install
configure:2353: result: /usr/bin/install -c
configure:2364: checking whether build environment is sane
configure:2414: result: yes
configure:2555: checking for a thread-safe mkdir -p
configure:2594: result: /usr/bin/mkdir -p
configure:2607: checking for gawk
configure:2623: found /usr/bin/gawk
configure:2634: result: gawk
configure:2645: checking whether make sets $(MAKE)
configure:2667: result: yes
configure:2795: checking for gcc
configure:2811: found /usr/bin/gcc
configure:2822: result: gcc
configure:3051: checking for C compiler version
configure:3060: gcc --version >&5
gcc (GCC) 6.2.1 20160830
Copyright (C) 2016 Free Software Foundation, Inc.
This is free software; see the source for copying conditions.  There is NO
warranty; not even for MERCHANTABILITY or FITNESS FOR A PARTICULAR PURPOSE.

configure:3071: $? = 0
configure:3060: gcc -v >&5
Using built-in specs.
COLLECT_GCC=gcc
COLLECT_LTO_WRAPPER=/usr/lib/gcc/x86_64-pc-linux-gnu/6.2.1/lto-wrapper
Target: x86_64-pc-linux-gnu
Configured with: /build/gcc/src/gcc/configure --prefix=/usr --libdir=/usr/lib --libexecdir=/usr/lib --mandir=/usr/share/man --infodir=/usr/share/info --with-bugurl=https://bugs.archlinux.org/ --enable-languages=c,c++,ada,fortran,go,lto,objc,obj-c++ --enable-shared --enable-threads=posix --enable-libmpx --with-system-zlib --with-isl --enable-__cxa_atexit --disable-libunwind-exceptions --enable-clocale=gnu --disable-libstdcxx-pch --disable-libssp --enable-gnu-unique-object --enable-linker-build-id --enable-lto --enable-plugin --enable-install-libiberty --with-linker-hash-style=gnu --enable-gnu-indirect-function --disable-multilib --disable-werror --enable-checking=release
Thread model: posix
gcc version 6.2.1 20160830 (GCC) 
configure:3071: $? = 0
configure:3060: gcc -V >&5
gcc: error: unrecognized command line option '-V'
gcc: fatal error: no input files
compilation terminated.
configure:3071: $? = 1
configure:3060: gcc -qversion >&5
gcc: error: unrecognized command line option '-qversion'; did you mean '--version'?
gcc: fatal error: no input files
compilation terminated.
configure:3071: $? = 1
configure:3091: checking whether the C compiler works
configure:3113: gcc    conftest.c  >&5
configure:3117: $? = 0
configure:3165: result: yes
configure:3168: checking for C compiler default output file name
configure:3170: result: a.out
configure:3176: checking for suffix of executables
configure:3183: gcc -o conftest    conftest.c  >&5
configure:3187: $? = 0
configure:3209: result: 
configure:3231: checking whether we are cross compiling
configure:3239: gcc -o conftest    conftest.c  >&5
configure:3243: $? = 0
configure:3250: ./conftest
configure:3254: $? = 0
configure:3269: result: no
configure:3274: checking for suffix of object files
configure:3296: gcc -c   conftest.c >&5
configure:3300: $? = 0
configure:3321: result: o
configure:3325: checking whether we are using the GNU C compiler
configure:3344: gcc -c   conftest.c >&5
configure:3344: $? = 0
configure:3353: result: yes
configure:3362: checking whether gcc accepts -g
configure:3382: gcc -c -g  conftest.c >&5
configure:3382: $? = 0
configure:3423: result: yes
configure:3440: checking for gcc option to accept ISO C89
configure:3503: gcc  -c -g -O2  conftest.c >&5
configure:3503: $? = 0
configure:3516: result: none needed
configure:3547: checking for style of include used by make
configure:3575: result: GNU
configure:3600: checking dependency style of gcc
configure:3710: result: gcc3
configure:3755: checking build system type
configure:3769: result: x86_64-unknown-linux-gnu
configure:3789: checking host system type
configure:3802: result: x86_64-unknown-linux-gnu
configure:3822: checking for a sed that does not truncate output
configure:3886: result: /usr/bin/sed
configure:3904: checking for grep that handles long lines and -e
configure:3962: result: /usr/bin/grep
configure:3967: checking for egrep
configure:4029: result: /usr/bin/grep -E
configure:4034: checking for fgrep
configure:4096: result: /usr/bin/grep -F
configure:4131: checking for ld used by gcc
configure:4198: result: /usr/bin/ld
configure:4205: checking if the linker (/usr/bin/ld) is GNU ld
configure:4220: result: yes
configure:4232: checking for BSD- or MS-compatible name lister (nm)
configure:4281: result: /usr/bin/nm -B
configure:4399: checking the name lister (/usr/bin/nm -B) interface
configure:4406: gcc -c -g -O2  conftest.c >&5
configure:4409: /usr/bin/nm -B "conftest.o"
configure:4412: output
0000000000000000 B some_variable
configure:4419: result: BSD nm
configure:4422: checking whether ln -s works
configure:4426: result: yes
configure:4434: checking the maximum length of command line arguments
configure:4554: result: 1572864
configure:4571: checking whether the shell understands some XSI constructs
configure:4581: result: yes
configure:4585: checking whether the shell understands "+="
configure:4591: result: yes
configure:4626: checking for /usr/bin/ld option to reload object files
configure:4633: result: -r
configure:4702: checking for objdump
configure:4718: found /usr/bin/objdump
configure:4729: result: objdump
configure:4761: checking how to recognize dependent libraries
configure:4957: result: pass_all
configure:5017: checking for ar
configure:5033: found /usr/bin/ar
configure:5044: result: ar
configure:5122: checking for strip
configure:5138: found /usr/bin/strip
configure:5149: result: strip
configure:5221: checking for ranlib
configure:5237: found /usr/bin/ranlib
configure:5248: result: ranlib
configure:5338: checking command to parse /usr/bin/nm -B output from gcc object
configure:5456: gcc -c -g -O2  conftest.c >&5
configure:5459: $? = 0
configure:5463: /usr/bin/nm -B conftest.o \| sed -n -e 's/^.*[	 ]\([ABCDGIRSTW][ABCDGIRSTW]*\)[	 ][	 ]*\([_A-Za-z][_A-Za-z0-9]*\)$/\1 \2 \2/p' \> conftest.nm
configure:5466: $? = 0
configure:5520: gcc -o conftest -g -O2   conftest.c conftstm.o >&5
configure:5523: $? = 0
configure:5561: result: ok
configure:5657: gcc -c -g -O2  conftest.c >&5
configure:5660: $? = 0
configure:6370: checking how to run the C preprocessor
configure:6401: gcc -E  conftest.c
configure:6401: $? = 0
configure:6415: gcc -E  conftest.c
conftest.c:11:28: fatal error: ac_nonexistent.h: No such file or directory
 #include <ac_nonexistent.h>
                            ^
compilation terminated.
configure:6415: $? = 1
configure: failed program was:
| /* confdefs.h */
| #define PACKAGE_NAME "libcsv"
| #define PACKAGE_TARNAME "libcsv"
| #define PACKAGE_VERSION "3.0.3"
| #define PACKAGE_STRING "libcsv 3.0.3"
| #define PACKAGE_BUGREPORT "rgamble@users.sourceforge.net"
| #define PACKAGE_URL "http://sourceforge.net/projects/libcsv/"
| #define PACKAGE "libcsv"
| #define VERSION "3.0.3"
| /* end confdefs.h.  */
| #include <ac_nonexistent.h>
configure:6440: result: gcc -E
configure:6460: gcc -E  conftest.c
configure:6460: $? = 0
configure:6474: gcc -E  conftest.c
conftest.c:11:28: fatal error: ac_nonexistent.h: No such file or directory
 #include <ac_nonexistent.h>
                            ^
compilation terminated.
configure:6474: $? = 1
configure: failed program was:
| /* confdefs.h */
| #define PACKAGE_NAME "libcsv"
| #define PACKAGE_TARNAME "libcsv"
| #define PACKAGE_VERSION "3.0.3"
| #define PACKAGE_STRING "libcsv 3.0.3"
| #define PACKAGE_BUGREPORT "rgamble@users.sourceforge.net"
| #define PACKAGE_URL "http://sourceforge.net/projects/libcsv/"
| #define PACKAGE "libcsv"
| #define VERSION "3.0.3"
| /* end confdefs.h.  */
| #include <ac_nonexistent.h>
configure:6503: checking for ANSI C header files
configure:6523: gcc -c -g -O2  conftest.c >&5
configure:6523: $? = 0
configure:6596: gcc -o conftest -g -O2   conftest.c  >&5
configure:6596: $? = 0
configure:6596: ./conftest
configure:6596: $? = 0
configure:6607: result: yes
configure:6620: checking for sys/types.h
configure:6620: gcc -c -g -O2  conftest.c >&5
configure:6620: $? = 0
configure:6620: result: yes
configure:6620: checking for sys/stat.h
configure:6620: gcc -c -g -O2  conftest.c >&5
configure:6620: $? = 0
configure:6620: result: yes
configure:6620: checking for stdlib.h
configure:6620: gcc -c -g -O2  conftest.c >&5
configure:6620: $? = 0
configure:6620: result: yes
configure:6620: checking for string.h
configure:6620: gcc -c -g -O2  conftest.c >&5
configure:6620: $? = 0
configure:6620: result: yes
configure:6620: checking for memory.h
configure:6620: gcc -c -g -O2  conftest.c >&5
configure:6620: $? = 0
configure:6620: result: yes
configure:6620: checking for strings.h
configure:6620: gcc -c -g -O2  conftest.c >&5
configure:6620: $? = 0
configure:6620: result: yes
configure:6620: checking for inttypes.h
configure:6620: gcc -c -g -O2  conftest.c >&5
configure:6620: $? = 0
configure:6620: result: yes
configure:6620: checking for stdint.h
configure:6620: gcc -c -g -O2  conftest.c >&5
configure:6620: $? = 0
configure:6620: result: yes
configure:6620: checking for unistd.h
configure:6620: gcc -c -g -O2  conftest.c >&5
configure:6620: $? = 0
configure:6620: result: yes
configure:6634: checking for dlfcn.h
configure:6634: gcc -c -g -O2  conftest.c >&5
configure:6634: $? = 0
configure:6634: result: yes
configure:6818: checking for objdir
configure:6833: result: .libs
configure:7129: checking if gcc supports -fno-rtti -fno-exceptions
configure:7147: gcc -c -g -O2  -fno-rtti -fno-exceptions conftest.c >&5
cc1: warning: command line option '-fno-rtti' is valid for C++/ObjC++ but not for C
configure:7151: $? = 0
configure:7164: result: no
configure:7184: checking for gcc option to produce PIC
configure:7456: result: -fPIC -DPIC
configure:7468: checking if gcc PIC flag -fPIC -DPIC works
configure:7486: gcc -c -g -O2  -fPIC -DPIC -DPIC conftest.c >&5
configure:7490: $? = 0
configure:7503: result: yes
configure:7527: checking if gcc static flag -static works
configure:7555: result: yes
configure:7570: checking if gcc supports -c -o file.o
configure:7591: gcc -c -g -O2  -o out/conftest2.o conftest.c >&5
configure:7595: $? = 0
configure:7617: result: yes
configure:7625: checking if gcc supports -c -o file.o
configure:7672: result: yes
configure:7705: checking whether the gcc linker (/usr/bin/ld -m elf_x86_64) supports shared libraries
configure:8696: result: yes
configure:8733: checking whether -lc should be explicitly linked in
configure:8738: gcc -c -g -O2  conftest.c >&5
configure:8741: $? = 0
configure:8756: gcc -shared conftest.o  -v -Wl,-soname -Wl,conftest -o conftest 2\>\&1 \| /usr/bin/grep  -lc  \>/dev/null 2\>\&1
configure:8759: $? = 0
configure:8771: result: no
configure:8935: checking dynamic linker characteristics
configure:9368: gcc -o conftest -g -O2   -Wl,-rpath -Wl,/foo conftest.c  >&5
configure:9368: $? = 0
configure:9598: result: GNU/Linux ld.so
configure:9700: checking how to hardcode library paths into programs
configure:9725: result: immediate
configure:10245: checking whether stripping libraries is possible
configure:10250: result: yes
configure:10285: checking if libtool supports shared libraries
configure:10287: result: yes
configure:10290: checking whether to build shared libraries
configure:10311: result: yes
configure:10314: checking whether to build static libraries
configure:10318: result: yes
configure:10524: creating ./config.status

## ---------------- ##
## Cache variables. ##
## ---------------- ##

ac_cv_build=x86_64-unknown-linux-gnu
ac_cv_c_compiler_gnu=yes
ac_cv_env_CC_set=
ac_cv_env_CC_value=
ac_cv_env_CFLAGS_set=
ac_cv_env_CFLAGS_value=
ac_cv_env_CPPFLAGS_set=
ac_cv_env_CPPFLAGS_value=
ac_cv_env_CPP_set=
ac_cv_env_CPP_value=
ac_cv_env_LDFLAGS_set=
ac_cv_env_LDFLAGS_value=
ac_cv_env_LIBS_set=
ac_cv_env_LIBS_value=
ac_cv_env_build_alias_set=
ac_cv_env_build_alias_value=
ac_cv_env_host_alias_set=
ac_cv_env_host_alias_value=
ac_cv_env_target_alias_set=
ac_cv_env_target_alias_value=
ac_cv_header_dlfcn_h=yes
ac_cv_header_inttypes_h=yes
ac_cv_header_memory_h=yes
ac_cv_header_stdc=yes
ac_cv_header_stdint_h=yes
ac_cv_header_stdlib_h=yes
ac_cv_header_string_h=yes
ac_cv_header_strings_h=yes
ac_cv_header_sys_stat_h=yes
ac_cv_header_sys_types_h=yes
ac_cv_header_unistd_h=yes
ac_cv_host=x86_64-unknown-linux-gnu
ac_cv_objext=o
ac_cv_path_EGREP='/usr/bin/grep -E'
ac_cv_path_FGREP='/usr/bin/grep -F'
ac_cv_path_GREP=/usr/bin/grep
ac_cv_path_SED=/usr/bin/sed
ac_cv_path_install='/usr/bin/install -c'
ac_cv_path_mkdir=/usr/bin/mkdir
ac_cv_prog_AWK=gawk
ac_cv_prog_CPP='gcc -E'
ac_cv_prog_ac_ct_AR=ar
ac_cv_prog_ac_ct_CC=gcc
ac_cv_prog_ac_ct_OBJDUMP=objdump
ac_cv_prog_ac_ct_RANLIB=ranlib
ac_cv_prog_ac_ct_STRIP=strip
ac_cv_prog_cc_c89=
ac_cv_prog_cc_g=yes
ac_cv_prog_make_make_set=yes
am_cv_CC_dependencies_compiler_type=gcc3
lt_cv_deplibs_check_method=pass_all
lt_cv_file_magic_cmd='$MAGIC_CMD'
lt_cv_file_magic_test_file=
lt_cv_ld_reload_flag=-r
lt_cv_nm_interface='BSD nm'
lt_cv_objdir=.libs
lt_cv_path_LD=/usr/bin/ld
lt_cv_path_NM='/usr/bin/nm -B'
lt_cv_prog_compiler_c_o=yes
lt_cv_prog_compiler_pic_works=yes
lt_cv_prog_compiler_rtti_exceptions=no
lt_cv_prog_compiler_static_works=yes
lt_cv_prog_gnu_ld=yes
lt_cv_sys_global_symbol_pipe='sed -n -e '\''s/^.*[	 ]\([ABCDGIRSTW][ABCDGIRSTW]*\)[	 ][	 ]*\([_A-Za-z][_A-Za-z0-9]*\)$/\1 \2 \2/p'\'''
lt_cv_sys_global_symbol_to_c_name_address='sed -n -e '\''s/^: \([^ ]*\) $/  {\"\1\", (void *) 0},/p'\'' -e '\''s/^[ABCDGIRSTW]* \([^ ]*\) \([^ ]*\)$/  {"\2", (void *) \&\2},/p'\'''
lt_cv_sys_global_symbol_to_c_name_address_lib_prefix='sed -n -e '\''s/^: \([^ ]*\) $/  {\"\1\", (void *) 0},/p'\'' -e '\''s/^[ABCDGIRSTW]* \([^ ]*\) \(lib[^ ]*\)$/  {"\2", (void *) \&\2},/p'\'' -e '\''s/^[ABCDGIRSTW]* \([^ ]*\) \([^ ]*\)$/  {"lib\2", (void *) \&\2},/p'\'''
lt_cv_sys_global_symbol_to_cdecl='sed -n -e '\''s/^T .* \(.*\)$/extern int \1();/p'\'' -e '\''s/^[ABCDGIRSTW]* .* \(.*\)$/extern char \1;/p'\'''
lt_cv_sys_max_cmd_len=1572864

## ----------------- ##
## Output variables. ##
## ----------------- ##

ACLOCAL='${SHELL} /home/jason/code/csv-libcsvavx2/libcsv-3.0.3/missing --run aclocal-1.11'
AMDEPBACKSLASH='\'
AMDEP_FALSE='#'
AMDEP_TRUE=''
AMTAR='${SHELL} /home/jason/code/csv-libcsvavx2/libcsv-3.0.3/missing --run tar'
AR='ar'
AUTOCONF='${SHELL} /home/jason/code/csv-libcsvavx2/libcsv-3.0.3/missing --run autoconf'
AUTOHEADER='${SHELL} /home/jason/code/csv-libcsvavx2/libcsv-3.0.3/missing --run autoheader'
AUTOMAKE='${SHELL} /home/jason/code/csv-libcsvavx2/libcsv-3.0.3/missing --run automake-1.11'
AWK='gawk'
CC='gcc'
CCDEPMODE='depmode=gcc3'
CFLAGS='-g -O2'
CPP='gcc -E'
CPPFLAGS=''
CYGPATH_W='echo'
DEFS='-DPACKAGE_NAME=\"libcsv\" -DPACKAGE_TARNAME=\"libcsv\" -DPACKAGE_VERSION=\"3.0.3\" -DPACKAGE_STRING=\"libcsv\ 3.0.3\" -DPACKAGE_BUGREPORT=\"rgamble@users.sourceforge.net\" -DPACKAGE_URL=\"http://sourceforge.net/projects/libcsv/\" -DPACKAGE=\"libcsv\" -DVERSION=\"3.0.3\" -DSTDC_HEADERS=1 -DHAVE_SYS_TYPES_H=1 -DHAVE_SYS_STAT_H=1 -DHAVE_STDLIB_H=1 -DHAVE_STRING_H=1 -DHAVE_MEMORY_H=1 -DHAVE_STRINGS_H=1 -DHAVE_INTTYPES_H=1 -DHAVE_STDINT_H=1 -DHAVE_UNISTD_H=1 -DHAVE_DLFCN_H=1 -DLT_OBJDIR=\".libs/\"'
DEPDIR='.deps'
DSYMUTIL=''
DUMPBIN=''
ECHO_C=''
ECHO_N='-n'
ECHO_T=''
EGREP='/usr/bin/grep -E'
EXEEXT=''
FGREP='/usr/bin/grep -F'
GREP='/usr/bin/grep'
INSTALL_DATA='${INSTALL} -m 644'
INSTALL_PROGRAM='${INSTALL}'
INSTALL_SCRIPT='${INSTALL}'
INSTALL_STRIP_PROGRAM='$(install_sh) -c -s'
LD='/usr/bin/ld -m elf_x86_64'
LDFLAGS=''
LIBOBJS=''
LIBS=''
LIBTOOL='$(SHELL) $(top_builddir)/libtool'
LIPO=''
LN_S='ln -s'
LTLIBOBJS=''
MAKEINFO='${SHELL} /home/jason/code/csv-libcsvavx2/libcsv-3.0.3/missing --run makeinfo'
MKDIR_P='/usr/bin/mkdir -p'
NM='/usr/bin/nm -B'
NMEDIT=''
OBJDUMP='objdump'
OBJEXT='o'
OTOOL64=''
OTOOL=''
PACKAGE='libcsv'
PACKAGE_BUGREPORT='rgamble@users.sourceforge.net'
PACKAGE_NAME='libcsv'
PACKAGE_STRING='libcsv 3.0.3'
PACKAGE_TARNAME='libcsv'
PACKAGE_URL='http://sourceforge.net/projects/libcsv/'
PACKAGE_VERSION='3.0.3'
PATH_SEPARATOR=':'
RANLIB='ranlib'
SED='/usr/bin/sed'
SET_MAKE=''
SHELL='/bin/sh'
STRIP='strip'
VERSION='3.0.3'
ac_ct_CC='gcc'
ac_ct_DUMPBIN=''
am__EXEEXT_FALSE=''
am__EXEEXT_TRUE='#'
am__fastdepCC_FALSE='#'
am__fastdepCC_TRUE=''
am__include='include'
am__isrc=''
am__leading_dot='.'
am__quote=''
am__tar='${AMTAR} chof - "$$tardir"'
am__untar='${AMTAR} xf -'
bindir='${exec_prefix}/bin'
build='x86_64-unknown-linux-gnu'
build_alias=''
build_cpu='x86_64'
build_os='linux-gnu'
build_vendor='unknown'
datadir='${datarootdir}'
datarootdir='${prefix}/share'
docdir='${datarootdir}/doc/${PACKAGE_TARNAME}'
dvidir='${docdir}'
exec_prefix='${prefix}'
host='x86_64-unknown-linux-gnu'
host_alias=''
host_cpu='x86_64'
host_os='linux-gnu'
host_vendor='unknown'
htmldir='${docdir}'
includedir='${prefix}/include'
infodir='${datarootdir}/info'
install_sh='${SHELL} /home/jason/code/csv-libcsvavx2/libcsv-3.0.3/install-sh'
libdir='${exec_prefix}/lib'
libexecdir='${exec_prefix}/libexec'
localedir='${datarootdir}/locale'
localstatedir='${prefix}/var'
lt_ECHO='echo'
mandir='${datarootdir}/man'
mkdir_p='/usr/bin/mkdir -p'
oldincludedir='/usr/include'
pdfdir='${docdir}'
prefix='/usr/local'
program_transform_name='s,x,x,'
psdir='${docdir}'
sbindir='${exec_prefix}/sbin'
sharedstatedir='${prefix}/com'
sysconfdir='${prefix}/etc'
target_alias=''

## ----------- ##
## confdefs.h. ##
## ----------- ##

/* confdefs.h */
#define PACKAGE_NAME "libcsv"
#define PACKAGE_TARNAME "libcsv"
#define PACKAGE_VERSION "3.0.3"
#define PACKAGE_STRING "libcsv 3.0.3"
#define PACKAGE_BUGREPORT "rgamble@users.sourceforge.net"
#define PACKAGE_URL "http://sourceforge.net/projects/libcsv/"
#define PACKAGE "libcsv"
#define VERSION "3.0.3"
#define STDC_HEADERS 1
#define HAVE_SYS_TYPES_H 1
#define HAVE_SYS_STAT_H 1
#define HAVE_STDLIB_H 1
#define HAVE_STRING_H 1
#define HAVE_MEMORY_H 1
#define HAVE_STRINGS_H 1
#define HAVE_INTTYPES_H 1
#define HAVE_STDINT_H 1
#define HAVE_UNISTD_H 1
#define HAVE_DLFCN_H 1
#define LT_OBJDIR ".libs/"

configure: exit 0

## ---------------------- ##
## Running config.status. ##
## ---------------------- ##

This file was extended by libcsv config.status 3.0.3, which was
generated by GNU Autoconf 2.69.  Invocation command line was

  CONFIG_FILES    = 
  CONFIG_HEADERS  = 
  CONFIG_LINKS    = 
  CONFIG_COMMANDS = 
  $ ./config.status 

on arch

config.status:983: creating Makefile
config.status:1155: executing depfiles commands
config.status:1155: executing libtool commands
